<?xml version="1.0" encoding="UTF-8"?>
<!-- Generated by org.testng.reporters.JUnitReportReporter -->
<testsuite skipped="0" hostname="Home-PC" name="com.ParameterTest" tests="3" failures="0" timestamp="07 Nov 2017 08:45:07 GMT" time="0.022" errors="0">
  <testcase name="prameterTestThree" time="0.002" classname="com.ParameterTest"/>
  <testcase name="prameterTestOne" time="0.015" classname="com.ParameterTest"/>
  <testcase name="prameterTestTwo" time="0.005" classname="com.ParameterTest"/>
</testsuite> <!-- com.ParameterTest -->
