<?xml version="1.0" encoding="UTF-8"?>
<!-- Generated by org.testng.reporters.JUnitReportReporter -->
<testsuite skipped="0" hostname="Home-PC" name="packageexecution.ClassOne" tests="2" failures="0" timestamp="25 Nov 2017 10:47:28 GMT" time="0.016" errors="0">
  <testcase name="testCaseOne" time="0.016" classname="packageexecution.ClassOne"/>
  <testcase name="testCaseTwo" time="0.000" classname="packageexecution.ClassOne"/>
</testsuite> <!-- packageexecution.ClassOne -->
