<?xml version="1.0" encoding="UTF-8"?>
<!-- Generated by org.testng.reporters.JUnitReportReporter -->
<testsuite skipped="0" hostname="Home-PC" name="com.TestClass2" tests="2" failures="0" timestamp="27 Nov 2017 05:19:45 GMT" time="0.015" errors="0">
  <testcase name="Test2" time="0.002" classname="com.TestClass2"/>
  <testcase name="Test1" time="0.013" classname="com.TestClass2"/>
</testsuite> <!-- com.TestClass2 -->
