<?xml version="1.0" encoding="UTF-8"?>
<!-- Generated by org.testng.reporters.JUnitReportReporter -->
<testsuite skipped="0" hostname="Home-PC" name="practice.Parameter" tests="2" failures="0" timestamp="25 Nov 2017 11:23:36 GMT" time="0.016" errors="0">
  <testcase name="test" time="0.000" classname="practice.Parameter"/>
  <testcase name="Test2" time="0.016" classname="practice.Parameter"/>
</testsuite> <!-- practice.Parameter -->
