<?xml version="1.0" encoding="UTF-8"?>
<!-- Generated by org.testng.reporters.JUnitReportReporter -->
<testsuite skipped="0" hostname="Home-PC" name="testng.Parameter" tests="2" failures="0" timestamp="03 Jan 2018 06:17:48 GMT" time="0.020" errors="0">
  <testcase name="test" time="0.020" classname="testng.Parameter"/>
  <testcase name="test1" time="0.000" classname="testng.Parameter"/>
</testsuite> <!-- testng.Parameter -->
