<?xml version="1.0" encoding="UTF-8"?>
<!-- Generated by org.testng.reporters.JUnitReportReporter -->
<testsuite skipped="0" hostname="Home-PC" name="com.Annotations" tests="4" failures="0" timestamp="04 Apr 2018 05:30:35 GMT" time="0.017" errors="0">
  <testcase name="secondGroupMethodTwo" time="0.002" classname="com.Annotations"/>
  <testcase name="firstGroupMethodOne" time="0.009" classname="com.Annotations"/>
  <testcase name="firstGroupMethodTwo" time="0.003" classname="com.Annotations"/>
  <testcase name="secondGroupMethodOne" time="0.003" classname="com.Annotations"/>
</testsuite> <!-- com.Annotations -->
