<?xml version="1.0" encoding="UTF-8"?>
<!-- Generated by org.testng.reporters.JUnitReportReporter -->
<testsuite skipped="0" hostname="Home-PC" name="com.TestClass1" tests="1" failures="0" timestamp="30 Oct 2017 07:42:59 GMT" time="0.016" errors="0">
  <testcase name="Test1" time="0.016" classname="com.TestClass1"/>
</testsuite> <!-- com.TestClass1 -->
