<?xml version="1.0" encoding="UTF-8"?>
<!-- Generated by org.testng.reporters.JUnitReportReporter -->
<testsuite skipped="0" hostname="Home-PC" name="packageexecution.ClassTwo" tests="2" failures="0" timestamp="25 Nov 2017 10:47:28 GMT" time="0.000" errors="0">
  <testcase name="testcasetwo" time="0.000" classname="packageexecution.ClassTwo"/>
  <testcase name="testcaseone" time="0.000" classname="packageexecution.ClassTwo"/>
</testsuite> <!-- packageexecution.ClassTwo -->
