<?xml version="1.0" encoding="UTF-8"?>
<!-- Generated by org.testng.reporters.JUnitReportReporter -->
<testsuite skipped="0" hostname="Home-PC" name="com.DataproviderinSameClass" tests="6" failures="0" timestamp="22 Dec 2017 11:10:16 GMT" time="0.034" errors="0">
  <testcase name="Test" time="0.014" classname="com.DataproviderinSameClass"/>
  <testcase name="Test2" time="0.010" classname="com.DataproviderinSameClass"/>
  <testcase name="Test3" time="0.000" classname="com.DataproviderinSameClass"/>
  <testcase name="Test2" time="0.000" classname="com.DataproviderinSameClass"/>
  <testcase name="Test3" time="0.010" classname="com.DataproviderinSameClass"/>
  <testcase name="Test" time="0.000" classname="com.DataproviderinSameClass"/>
</testsuite> <!-- com.DataproviderinSameClass -->
