<?xml version="1.0" encoding="UTF-8"?>
<!-- Generated by org.testng.reporters.JUnitReportReporter -->
<testsuite skipped="0" hostname="Home-PC" name="testng.Groups" tests="2" failures="0" timestamp="03 Jan 2018 07:02:08 GMT" time="0.016" errors="0">
  <testcase name="test2" time="0.014" classname="testng.Groups"/>
  <testcase name="test4" time="0.002" classname="testng.Groups"/>
</testsuite> <!-- testng.Groups -->
