<?xml version="1.0" encoding="UTF-8"?>
<!-- Generated by org.testng.reporters.JUnitReportReporter -->
<testsuite skipped="0" hostname="Home-PC" name="practice.ParallelMethods" tests="2" failures="0" timestamp="27 Nov 2017 05:15:20 GMT" time="0.019" errors="0">
  <testcase name="TestCase1" time="0.015" classname="practice.ParallelMethods"/>
  <testcase name="TestCase2" time="0.004" classname="practice.ParallelMethods"/>
</testsuite> <!-- practice.ParallelMethods -->
