<?xml version="1.0" encoding="UTF-8"?>
<!-- Generated by org.testng.reporters.JUnitReportReporter -->
<testsuite skipped="0" hostname="Home-PC" name="practice.Groups" tests="2" failures="0" timestamp="22 Dec 2017 11:13:50 GMT" time="0.010" errors="0">
  <testcase name="testcasetwo" time="0.010" classname="practice.Groups"/>
  <testcase name="Testcasefour" time="0.000" classname="practice.Groups"/>
</testsuite> <!-- practice.Groups -->
