<?xml version="1.0" encoding="UTF-8"?>
<!-- Generated by org.testng.reporters.JUnitReportReporter -->
<testsuite skipped="0" hostname="Home-PC" name="com.ExceptionTest" tests="1" failures="0" timestamp="30 Oct 2017 07:59:26 GMT" time="0.019" errors="0">
  <testcase name="Test" time="0.019" classname="com.ExceptionTest"/>
</testsuite> <!-- com.ExceptionTest -->
