<?xml version="1.0" encoding="UTF-8"?>
<!-- Generated by org.testng.reporters.JUnitReportReporter -->
<testsuite skipped="0" hostname="Home-PC" name="practice.BeforeM" tests="2" failures="0" timestamp="09 Mar 2018 10:24:34 GMT" time="0.028" errors="0">
  <testcase name="b" time="0.011" classname="practice.BeforeM"/>
  <testcase name="c" time="0.017" classname="practice.BeforeM"/>
</testsuite> <!-- practice.BeforeM -->
