<?xml version="1.0" encoding="UTF-8"?>
<!-- Generated by org.testng.reporters.JUnitReportReporter -->
<testsuite skipped="0" hostname="Home-PC" name="com.ClassLevelTestAnnotation" tests="3" failures="0" timestamp="30 Oct 2017 07:56:56 GMT" time="0.018" errors="0">
  <testcase name="Test2" time="0.003" classname="com.ClassLevelTestAnnotation"/>
  <testcase name="Test1" time="0.014" classname="com.ClassLevelTestAnnotation"/>
  <testcase name="Test3" time="0.001" classname="com.ClassLevelTestAnnotation"/>
</testsuite> <!-- com.ClassLevelTestAnnotation -->
