<?xml version="1.0" encoding="UTF-8"?>
<!-- Generated by org.testng.reporters.JUnitReportReporter -->
<testsuite skipped="1" hostname="Home-PC" name="com.EnableandDisableTest" tests="2" failures="0" timestamp="30 Oct 2017 07:53:53 GMT" time="0.012" errors="0">
  <testcase name="firstTest" time="0.012" classname="com.EnableandDisableTest"/>
  <testcase name="SecondTest" classname="com.EnableandDisableTest">
    <skipped/>
  </testcase> <!-- SecondTest -->
</testsuite> <!-- com.EnableandDisableTest -->
