<?xml version="1.0" encoding="UTF-8"?>
<!-- Generated by org.testng.reporters.JUnitReportReporter -->
<testsuite skipped="0" hostname="Home-PC" name="testng.Parameter1" tests="1" failures="0" timestamp="03 Jan 2018 06:17:48 GMT" time="0.010" errors="0">
  <testcase name="test" time="0.010" classname="testng.Parameter1"/>
</testsuite> <!-- testng.Parameter1 -->
