<?xml version="1.0" encoding="UTF-8"?>
<!-- Generated by org.testng.reporters.JUnitReportReporter -->
<testsuite skipped="0" hostname="Home-PC" name="practice.ParallelClassTwo" tests="2" failures="0" timestamp="08 Mar 2018 09:48:48 GMT" time="0.019" errors="0">
  <testcase name="testCaseOne" time="0.017" classname="practice.ParallelClassTwo"/>
  <testcase name="testCaseTwo" time="0.002" classname="practice.ParallelClassTwo"/>
</testsuite> <!-- practice.ParallelClassTwo -->
