<?xml version="1.0" encoding="UTF-8"?>
<!-- Generated by org.testng.reporters.JUnitReportReporter -->
<testsuite skipped="0" hostname="Home-PC" name="practice.ParallelClassOne" tests="6" failures="0" timestamp="08 Mar 2018 09:48:48 GMT" time="0.025" errors="0">
  <testcase name="testCase1" time="0.017" classname="practice.ParallelClassOne"/>
  <testcase name="testCase1" time="0.000" classname="practice.ParallelClassOne"/>
  <testcase name="testCase1" time="0.006" classname="practice.ParallelClassOne"/>
  <testcase name="testCase1" time="0.000" classname="practice.ParallelClassOne"/>
  <testcase name="testCase1" time="0.002" classname="practice.ParallelClassOne"/>
  <testcase name="testCaseTwo" time="0.000" classname="practice.ParallelClassOne"/>
</testsuite> <!-- practice.ParallelClassOne -->
